2025-09-14 00:07:29.539 [main] INFO  com.king.HyruleAdminApplication - Starting HyruleAdminApplication using Java 1.8.0_301 on PC-202508140902 with PID 14756 (E:\IdeaProjects\hyrule-admin\target\classes started by Administrator in E:\IdeaProjects\hyrule-admin)
2025-09-14 00:07:29.764 [main] INFO  com.king.HyruleAdminApplication - No active profile set, falling back to 1 default profile: "default"
2025-09-14 00:07:31.487 [main] INFO  org.springframework.data.repository.config.RepositoryConfigurationDelegate - Multiple Spring Data modules found, entering strict repository configuration mode
2025-09-14 00:07:31.495 [main] INFO  org.springframework.data.repository.config.RepositoryConfigurationDelegate - Bootstrapping Spring Data Redis repositories in DEFAULT mode.
2025-09-14 00:07:31.540 [main] INFO  org.springframework.data.repository.config.RepositoryConfigurationDelegate - Finished Spring Data repository scanning in 25 ms. Found 0 Redis repository interfaces.
2025-09-14 00:07:32.572 [main] INFO  org.springframework.boot.web.embedded.tomcat.TomcatWebServer - Tomcat initialized with port(s): 8888 (http)
2025-09-14 00:07:32.585 [main] INFO  org.apache.coyote.http11.Http11NioProtocol - Initializing ProtocolHandler ["http-nio-8888"]
2025-09-14 00:07:32.586 [main] INFO  org.apache.catalina.core.StandardService - Starting service [Tomcat]
2025-09-14 00:07:32.586 [main] INFO  org.apache.catalina.core.StandardEngine - Starting Servlet engine: [Apache Tomcat/9.0.75]
2025-09-14 00:07:32.938 [main] INFO  org.apache.catalina.core.ContainerBase.[Tomcat].[localhost].[/] - Initializing Spring embedded WebApplicationContext
2025-09-14 00:07:32.939 [main] INFO  org.springframework.boot.web.servlet.context.ServletWebServerApplicationContext - Root WebApplicationContext: initialization completed in 3057 ms
2025-09-14 00:07:36.299 [main] INFO  org.apache.coyote.http11.Http11NioProtocol - Starting ProtocolHandler ["http-nio-8888"]
2025-09-14 00:07:36.323 [main] INFO  org.springframework.boot.web.embedded.tomcat.TomcatWebServer - Tomcat started on port(s): 8888 (http) with context path ''
2025-09-14 00:07:36.337 [main] INFO  com.king.HyruleAdminApplication - Started HyruleAdminApplication in 9.513 seconds (JVM running for 13.91)
2025-09-14 00:08:31.997 [http-nio-8888-exec-2] INFO  org.apache.catalina.core.ContainerBase.[Tomcat].[localhost].[/] - Initializing Spring DispatcherServlet 'dispatcherServlet'
2025-09-14 00:08:31.998 [http-nio-8888-exec-2] INFO  org.springframework.web.servlet.DispatcherServlet - Initializing Servlet 'dispatcherServlet'
2025-09-14 00:08:32.000 [http-nio-8888-exec-2] INFO  org.springframework.web.servlet.DispatcherServlet - Completed initialization in 2 ms
2025-09-14 00:08:33.031 [http-nio-8888-exec-1] INFO  com.zaxxer.hikari.HikariDataSource - HikariPool-1 - Starting...
2025-09-14 00:08:33.573 [http-nio-8888-exec-1] INFO  com.zaxxer.hikari.HikariDataSource - HikariPool-1 - Start completed.
2025-09-14 00:21:17.761 [main] INFO  com.king.HyruleAdminApplication - Starting HyruleAdminApplication using Java 1.8.0_301 on PC-202508140902 with PID 10616 (E:\IdeaProjects\hyrule-admin\target\classes started by Administrator in E:\IdeaProjects\hyrule-admin)
2025-09-14 00:21:17.775 [main] INFO  com.king.HyruleAdminApplication - No active profile set, falling back to 1 default profile: "default"
2025-09-14 00:21:18.673 [main] INFO  org.springframework.data.repository.config.RepositoryConfigurationDelegate - Multiple Spring Data modules found, entering strict repository configuration mode
2025-09-14 00:21:18.682 [main] INFO  org.springframework.data.repository.config.RepositoryConfigurationDelegate - Bootstrapping Spring Data Redis repositories in DEFAULT mode.
2025-09-14 00:21:18.737 [main] INFO  org.springframework.data.repository.config.RepositoryConfigurationDelegate - Finished Spring Data repository scanning in 25 ms. Found 0 Redis repository interfaces.
2025-09-14 00:21:19.504 [main] INFO  org.springframework.boot.web.embedded.tomcat.TomcatWebServer - Tomcat initialized with port(s): 8888 (http)
2025-09-14 00:21:19.514 [main] INFO  org.apache.coyote.http11.Http11NioProtocol - Initializing ProtocolHandler ["http-nio-8888"]
2025-09-14 00:21:19.515 [main] INFO  org.apache.catalina.core.StandardService - Starting service [Tomcat]
2025-09-14 00:21:19.515 [main] INFO  org.apache.catalina.core.StandardEngine - Starting Servlet engine: [Apache Tomcat/9.0.75]
2025-09-14 00:21:19.908 [main] INFO  org.apache.catalina.core.ContainerBase.[Tomcat].[localhost].[/] - Initializing Spring embedded WebApplicationContext
2025-09-14 00:21:19.908 [main] INFO  org.springframework.boot.web.servlet.context.ServletWebServerApplicationContext - Root WebApplicationContext: initialization completed in 2066 ms
2025-09-14 00:21:22.133 [main] INFO  org.apache.coyote.http11.Http11NioProtocol - Starting ProtocolHandler ["http-nio-8888"]
2025-09-14 00:21:22.154 [main] INFO  org.springframework.boot.web.embedded.tomcat.TomcatWebServer - Tomcat started on port(s): 8888 (http) with context path ''
2025-09-14 00:21:22.166 [main] INFO  com.king.HyruleAdminApplication - Started HyruleAdminApplication in 5.45 seconds (JVM running for 9.167)
2025-09-14 00:22:17.111 [http-nio-8888-exec-1] INFO  org.apache.catalina.core.ContainerBase.[Tomcat].[localhost].[/] - Initializing Spring DispatcherServlet 'dispatcherServlet'
2025-09-14 00:22:17.112 [http-nio-8888-exec-1] INFO  org.springframework.web.servlet.DispatcherServlet - Initializing Servlet 'dispatcherServlet'
2025-09-14 00:22:17.115 [http-nio-8888-exec-1] INFO  org.springframework.web.servlet.DispatcherServlet - Completed initialization in 2 ms
2025-09-14 00:22:18.169 [http-nio-8888-exec-2] INFO  com.zaxxer.hikari.HikariDataSource - HikariPool-1 - Starting...
2025-09-14 00:22:18.706 [http-nio-8888-exec-2] INFO  com.zaxxer.hikari.HikariDataSource - HikariPool-1 - Start completed.
2025-09-14 08:46:36.291 [main] INFO  com.king.HyruleAdminApplication - Starting HyruleAdminApplication using Java 1.8.0_301 on PC-202508140902 with PID 12264 (E:\IdeaProjects\hyrule-admin\target\classes started by Administrator in E:\IdeaProjects\hyrule-admin)
2025-09-14 08:46:36.541 [main] INFO  com.king.HyruleAdminApplication - No active profile set, falling back to 1 default profile: "default"
2025-09-14 08:46:43.577 [main] INFO  org.springframework.data.repository.config.RepositoryConfigurationDelegate - Multiple Spring Data modules found, entering strict repository configuration mode
2025-09-14 08:46:43.593 [main] INFO  org.springframework.data.repository.config.RepositoryConfigurationDelegate - Bootstrapping Spring Data Redis repositories in DEFAULT mode.
2025-09-14 08:46:43.827 [main] INFO  org.springframework.data.repository.config.RepositoryConfigurationDelegate - Finished Spring Data repository scanning in 67 ms. Found 0 Redis repository interfaces.
2025-09-14 08:46:47.718 [main] INFO  org.springframework.boot.web.embedded.tomcat.TomcatWebServer - Tomcat initialized with port(s): 8888 (http)
2025-09-14 08:46:47.765 [main] INFO  org.apache.coyote.http11.Http11NioProtocol - Initializing ProtocolHandler ["http-nio-8888"]
2025-09-14 08:46:47.765 [main] INFO  org.apache.catalina.core.StandardService - Starting service [Tomcat]
2025-09-14 08:46:47.765 [main] INFO  org.apache.catalina.core.StandardEngine - Starting Servlet engine: [Apache Tomcat/9.0.75]
2025-09-14 08:46:48.421 [main] INFO  org.apache.catalina.core.ContainerBase.[Tomcat].[localhost].[/] - Initializing Spring embedded WebApplicationContext
2025-09-14 08:46:48.421 [main] INFO  org.springframework.boot.web.servlet.context.ServletWebServerApplicationContext - Root WebApplicationContext: initialization completed in 11333 ms
2025-09-14 08:46:58.228 [main] INFO  org.apache.coyote.http11.Http11NioProtocol - Starting ProtocolHandler ["http-nio-8888"]
2025-09-14 08:46:58.328 [main] INFO  org.springframework.boot.web.embedded.tomcat.TomcatWebServer - Tomcat started on port(s): 8888 (http) with context path ''
2025-09-14 08:46:58.349 [main] INFO  com.king.HyruleAdminApplication - Started HyruleAdminApplication in 30.014 seconds (JVM running for 40.427)
2025-09-14 08:50:26.921 [http-nio-8888-exec-2] INFO  org.apache.catalina.core.ContainerBase.[Tomcat].[localhost].[/] - Initializing Spring DispatcherServlet 'dispatcherServlet'
2025-09-14 08:50:26.923 [http-nio-8888-exec-2] INFO  org.springframework.web.servlet.DispatcherServlet - Initializing Servlet 'dispatcherServlet'
2025-09-14 08:50:26.925 [http-nio-8888-exec-2] INFO  org.springframework.web.servlet.DispatcherServlet - Completed initialization in 2 ms
2025-09-14 08:50:27.366 [http-nio-8888-exec-1] INFO  com.zaxxer.hikari.HikariDataSource - HikariPool-1 - Starting...
2025-09-14 08:50:28.240 [http-nio-8888-exec-1] INFO  com.zaxxer.hikari.HikariDataSource - HikariPool-1 - Start completed.
2025-09-14 09:25:18.630 [main] INFO  com.king.HyruleAdminApplication - Starting HyruleAdminApplication using Java 1.8.0_301 on PC-202508140902 with PID 4900 (E:\IdeaProjects\hyrule-admin\target\classes started by Administrator in E:\IdeaProjects\hyrule-admin)
2025-09-14 09:25:18.642 [main] INFO  com.king.HyruleAdminApplication - No active profile set, falling back to 1 default profile: "default"
2025-09-14 09:25:19.760 [main] INFO  org.springframework.data.repository.config.RepositoryConfigurationDelegate - Multiple Spring Data modules found, entering strict repository configuration mode
2025-09-14 09:25:19.762 [main] INFO  org.springframework.data.repository.config.RepositoryConfigurationDelegate - Bootstrapping Spring Data Redis repositories in DEFAULT mode.
2025-09-14 09:25:19.796 [main] INFO  org.springframework.data.repository.config.RepositoryConfigurationDelegate - Finished Spring Data repository scanning in 15 ms. Found 0 Redis repository interfaces.
2025-09-14 09:25:20.606 [main] INFO  org.springframework.boot.web.embedded.tomcat.TomcatWebServer - Tomcat initialized with port(s): 8888 (http)
2025-09-14 09:25:20.625 [main] INFO  org.apache.coyote.http11.Http11NioProtocol - Initializing ProtocolHandler ["http-nio-8888"]
2025-09-14 09:25:20.626 [main] INFO  org.apache.catalina.core.StandardService - Starting service [Tomcat]
2025-09-14 09:25:20.627 [main] INFO  org.apache.catalina.core.StandardEngine - Starting Servlet engine: [Apache Tomcat/9.0.75]
2025-09-14 09:25:20.971 [main] INFO  org.apache.catalina.core.ContainerBase.[Tomcat].[localhost].[/] - Initializing Spring embedded WebApplicationContext
2025-09-14 09:25:20.972 [main] INFO  org.springframework.boot.web.servlet.context.ServletWebServerApplicationContext - Root WebApplicationContext: initialization completed in 2239 ms
2025-09-14 09:25:24.763 [main] INFO  org.apache.coyote.http11.Http11NioProtocol - Starting ProtocolHandler ["http-nio-8888"]
2025-09-14 09:25:24.799 [main] INFO  org.springframework.boot.web.embedded.tomcat.TomcatWebServer - Tomcat started on port(s): 8888 (http) with context path ''
2025-09-14 09:25:24.821 [main] INFO  com.king.HyruleAdminApplication - Started HyruleAdminApplication in 7.3 seconds (JVM running for 9.644)
2025-09-14 09:29:03.737 [main] INFO  com.king.HyruleAdminApplication - Starting HyruleAdminApplication using Java 1.8.0_301 on PC-202508140902 with PID 8880 (E:\IdeaProjects\hyrule-admin\target\classes started by Administrator in E:\IdeaProjects\hyrule-admin)
2025-09-14 09:29:03.813 [main] INFO  com.king.HyruleAdminApplication - No active profile set, falling back to 1 default profile: "default"
2025-09-14 09:29:05.749 [main] INFO  org.springframework.data.repository.config.RepositoryConfigurationDelegate - Multiple Spring Data modules found, entering strict repository configuration mode
2025-09-14 09:29:05.755 [main] INFO  org.springframework.data.repository.config.RepositoryConfigurationDelegate - Bootstrapping Spring Data Redis repositories in DEFAULT mode.
2025-09-14 09:29:05.884 [main] INFO  org.springframework.data.repository.config.RepositoryConfigurationDelegate - Finished Spring Data repository scanning in 55 ms. Found 0 Redis repository interfaces.
2025-09-14 09:29:06.871 [main] INFO  org.springframework.boot.web.embedded.tomcat.TomcatWebServer - Tomcat initialized with port(s): 8888 (http)
2025-09-14 09:29:06.883 [main] INFO  org.apache.coyote.http11.Http11NioProtocol - Initializing ProtocolHandler ["http-nio-8888"]
2025-09-14 09:29:06.883 [main] INFO  org.apache.catalina.core.StandardService - Starting service [Tomcat]
2025-09-14 09:29:06.884 [main] INFO  org.apache.catalina.core.StandardEngine - Starting Servlet engine: [Apache Tomcat/9.0.75]
2025-09-14 09:29:07.313 [main] INFO  org.apache.catalina.core.ContainerBase.[Tomcat].[localhost].[/] - Initializing Spring embedded WebApplicationContext
2025-09-14 09:29:07.322 [main] INFO  org.springframework.boot.web.servlet.context.ServletWebServerApplicationContext - Root WebApplicationContext: initialization completed in 3431 ms
2025-09-14 09:29:09.703 [main] INFO  org.apache.coyote.http11.Http11NioProtocol - Starting ProtocolHandler ["http-nio-8888"]
2025-09-14 09:29:09.722 [main] INFO  org.springframework.boot.web.embedded.tomcat.TomcatWebServer - Tomcat started on port(s): 8888 (http) with context path ''
2025-09-14 09:29:09.735 [main] INFO  com.king.HyruleAdminApplication - Started HyruleAdminApplication in 7.403 seconds (JVM running for 10.524)
2025-09-14 09:29:28.714 [http-nio-8888-exec-1] INFO  org.apache.catalina.core.ContainerBase.[Tomcat].[localhost].[/] - Initializing Spring DispatcherServlet 'dispatcherServlet'
2025-09-14 09:29:28.715 [http-nio-8888-exec-1] INFO  org.springframework.web.servlet.DispatcherServlet - Initializing Servlet 'dispatcherServlet'
2025-09-14 09:29:28.716 [http-nio-8888-exec-1] INFO  org.springframework.web.servlet.DispatcherServlet - Completed initialization in 1 ms
2025-09-14 09:29:30.265 [http-nio-8888-exec-2] INFO  com.zaxxer.hikari.HikariDataSource - HikariPool-1 - Starting...
2025-09-14 09:29:31.130 [http-nio-8888-exec-2] INFO  com.zaxxer.hikari.HikariDataSource - HikariPool-1 - Start completed.
2025-09-14 09:57:34.608 [main] INFO  com.king.HyruleAdminApplication - Starting HyruleAdminApplication using Java 1.8.0_301 on PC-202508140902 with PID 13944 (E:\IdeaProjects\hyrule-admin\target\classes started by Administrator in E:\IdeaProjects\hyrule-admin)
2025-09-14 09:57:34.622 [main] INFO  com.king.HyruleAdminApplication - No active profile set, falling back to 1 default profile: "default"
2025-09-14 09:57:35.885 [main] INFO  org.springframework.data.repository.config.RepositoryConfigurationDelegate - Multiple Spring Data modules found, entering strict repository configuration mode
2025-09-14 09:57:35.888 [main] INFO  org.springframework.data.repository.config.RepositoryConfigurationDelegate - Bootstrapping Spring Data Redis repositories in DEFAULT mode.
2025-09-14 09:57:35.938 [main] INFO  org.springframework.data.repository.config.RepositoryConfigurationDelegate - Finished Spring Data repository scanning in 26 ms. Found 0 Redis repository interfaces.
2025-09-14 09:57:36.831 [main] INFO  org.springframework.boot.web.embedded.tomcat.TomcatWebServer - Tomcat initialized with port(s): 8888 (http)
2025-09-14 09:57:36.846 [main] INFO  org.apache.coyote.http11.Http11NioProtocol - Initializing ProtocolHandler ["http-nio-8888"]
2025-09-14 09:57:36.847 [main] INFO  org.apache.catalina.core.StandardService - Starting service [Tomcat]
2025-09-14 09:57:36.847 [main] INFO  org.apache.catalina.core.StandardEngine - Starting Servlet engine: [Apache Tomcat/9.0.75]
2025-09-14 09:57:37.172 [main] INFO  org.apache.catalina.core.ContainerBase.[Tomcat].[localhost].[/] - Initializing Spring embedded WebApplicationContext
2025-09-14 09:57:37.173 [main] INFO  org.springframework.boot.web.servlet.context.ServletWebServerApplicationContext - Root WebApplicationContext: initialization completed in 2477 ms
2025-09-14 09:57:39.146 [main] INFO  org.apache.coyote.http11.Http11NioProtocol - Starting ProtocolHandler ["http-nio-8888"]
2025-09-14 09:57:39.180 [main] INFO  org.springframework.boot.web.embedded.tomcat.TomcatWebServer - Tomcat started on port(s): 8888 (http) with context path ''
2025-09-14 09:57:39.192 [main] INFO  com.king.HyruleAdminApplication - Started HyruleAdminApplication in 6.322 seconds (JVM running for 16.465)
2025-09-14 09:57:43.709 [http-nio-8888-exec-1] INFO  org.apache.catalina.core.ContainerBase.[Tomcat].[localhost].[/] - Initializing Spring DispatcherServlet 'dispatcherServlet'
2025-09-14 09:57:43.710 [http-nio-8888-exec-1] INFO  org.springframework.web.servlet.DispatcherServlet - Initializing Servlet 'dispatcherServlet'
2025-09-14 09:57:43.714 [http-nio-8888-exec-1] INFO  org.springframework.web.servlet.DispatcherServlet - Completed initialization in 4 ms
2025-09-14 09:57:43.969 [http-nio-8888-exec-2] INFO  com.zaxxer.hikari.HikariDataSource - HikariPool-1 - Starting...
2025-09-14 09:57:44.635 [http-nio-8888-exec-2] INFO  com.zaxxer.hikari.HikariDataSource - HikariPool-1 - Start completed.
2025-09-14 11:32:44.757 [main] INFO  com.king.HyruleAdminApplication - Starting HyruleAdminApplication using Java 1.8.0_301 on PC-202508140902 with PID 5564 (E:\IdeaProjects\hyrule-admin\target\classes started by Administrator in E:\IdeaProjects\hyrule-admin)
2025-09-14 11:32:44.776 [main] INFO  com.king.HyruleAdminApplication - No active profile set, falling back to 1 default profile: "default"
2025-09-14 11:32:45.987 [main] INFO  org.springframework.data.repository.config.RepositoryConfigurationDelegate - Multiple Spring Data modules found, entering strict repository configuration mode
2025-09-14 11:32:45.989 [main] INFO  org.springframework.data.repository.config.RepositoryConfigurationDelegate - Bootstrapping Spring Data Redis repositories in DEFAULT mode.
2025-09-14 11:32:46.037 [main] INFO  org.springframework.data.repository.config.RepositoryConfigurationDelegate - Finished Spring Data repository scanning in 27 ms. Found 0 Redis repository interfaces.
2025-09-14 11:32:46.862 [main] INFO  org.springframework.boot.web.embedded.tomcat.TomcatWebServer - Tomcat initialized with port(s): 8888 (http)
2025-09-14 11:32:46.876 [main] INFO  org.apache.coyote.http11.Http11NioProtocol - Initializing ProtocolHandler ["http-nio-8888"]
2025-09-14 11:32:46.878 [main] INFO  org.apache.catalina.core.StandardService - Starting service [Tomcat]
2025-09-14 11:32:46.879 [main] INFO  org.apache.catalina.core.StandardEngine - Starting Servlet engine: [Apache Tomcat/9.0.75]
2025-09-14 11:32:47.216 [main] INFO  org.apache.catalina.core.ContainerBase.[Tomcat].[localhost].[/] - Initializing Spring embedded WebApplicationContext
2025-09-14 11:32:47.217 [main] INFO  org.springframework.boot.web.servlet.context.ServletWebServerApplicationContext - Root WebApplicationContext: initialization completed in 2335 ms
2025-09-14 11:32:49.160 [main] INFO  org.apache.coyote.http11.Http11NioProtocol - Starting ProtocolHandler ["http-nio-8888"]
2025-09-14 11:32:49.190 [main] INFO  org.springframework.boot.web.embedded.tomcat.TomcatWebServer - Tomcat started on port(s): 8888 (http) with context path ''
2025-09-14 11:32:49.205 [main] INFO  com.king.HyruleAdminApplication - Started HyruleAdminApplication in 5.897 seconds (JVM running for 7.794)
2025-09-14 11:33:48.894 [http-nio-8888-exec-1] INFO  org.apache.catalina.core.ContainerBase.[Tomcat].[localhost].[/] - Initializing Spring DispatcherServlet 'dispatcherServlet'
2025-09-14 11:33:48.894 [http-nio-8888-exec-1] INFO  org.springframework.web.servlet.DispatcherServlet - Initializing Servlet 'dispatcherServlet'
2025-09-14 11:33:48.896 [http-nio-8888-exec-1] INFO  org.springframework.web.servlet.DispatcherServlet - Completed initialization in 2 ms
2025-09-14 11:33:49.136 [http-nio-8888-exec-2] INFO  com.zaxxer.hikari.HikariDataSource - HikariPool-1 - Starting...
2025-09-14 11:33:49.693 [http-nio-8888-exec-2] INFO  com.zaxxer.hikari.HikariDataSource - HikariPool-1 - Start completed.
